<?xml version="1.0" encoding="UTF-8"?>
<!-- Generated by org.testng.reporters.JUnitReportReporter -->
<testsuite hostname="DESKTOP-82LGI36" failures="0" tests="12" name="Test.Pruebas" time="32.145" errors="0" timestamp="2023-05-31T22:05:45 ART" skipped="0">
  <testcase classname="Test.Pruebas" name="registrarUsuario" time="7.424"/>
  <system-out/>
  <testcase classname="Test.Pruebas" name="logOut" time="3.891"/>
  <system-out/>
  <testcase classname="Test.Pruebas" name="loginErroneo" time="1.233"/>
  <system-out/>
  <testcase classname="Test.Pruebas" name="loginErroneo" time="0.937"/>
  <system-out/>
  <testcase classname="Test.Pruebas" name="loginErroneo" time="1.031"/>
  <system-out/>
  <testcase classname="Test.Pruebas" name="loginErroneo" time="1.216"/>
  <system-out/>
  <testcase classname="Test.Pruebas" name="loginErroneo" time="1.272"/>
  <system-out/>
  <testcase classname="Test.Pruebas" name="loginValido" time="3.952"/>
  <system-out/>
  <testcase classname="Test.Pruebas" name="buscarPorNombre" time="4.350"/>
  <system-out/>
  <testcase classname="Test.Pruebas" name="buscarPorTipo" time="2.810"/>
  <system-out/>
  <testcase classname="Test.Pruebas" name="contactUs" time="2.509"/>
  <system-out/>
  <testcase classname="Test.Pruebas" name="borrarCuenta" time="1.520"/>
  <system-out/>
</testsuite> <!-- Test.Pruebas -->
